         Class      Images     Targets           P           R      mAP@.5
                 all    4.95e+03    3.68e+04       0.441       0.536       0.494         0.3
              person    4.95e+03     1.1e+04       0.435       0.751       0.705       0.417
             bicycle    4.95e+03         316       0.411       0.478       0.459       0.216
                 car    4.95e+03    1.93e+03       0.351       0.617       0.534       0.289
           motorbike    4.95e+03         371       0.377       0.671       0.633       0.328
           aeroplane    4.95e+03         143       0.558       0.839       0.832       0.555
                 bus    4.95e+03         285       0.626       0.687        0.72       0.544
               train    4.95e+03         190       0.656       0.842       0.843       0.573
               truck    4.95e+03         415        0.42       0.535       0.482       0.276
                boat    4.95e+03         430       0.281       0.493       0.391       0.165
       traffic light    4.95e+03         637       0.338       0.546       0.454       0.192
        fire hydrant    4.95e+03         101       0.872       0.673       0.704       0.541
           stop sign    4.95e+03          75       0.641        0.64       0.624       0.525
       parking meter    4.95e+03          60        0.88       0.368       0.491        0.32
               bench    4.95e+03         413       0.415       0.334       0.305        0.17
                bird    4.95e+03         440       0.306       0.514       0.448       0.247
                 cat    4.95e+03         202       0.676       0.886       0.876       0.608
                 dog    4.95e+03         218       0.614       0.752       0.757       0.542
               horse    4.95e+03         273       0.535       0.733       0.731       0.481
               sheep    4.95e+03         361       0.323       0.795       0.663       0.401
                 cow    4.95e+03         380       0.392       0.716       0.643       0.402
            elephant    4.95e+03         255       0.473       0.867       0.797       0.535
                bear    4.95e+03          71       0.769       0.789       0.849       0.655
               zebra    4.95e+03         268       0.573       0.866       0.862       0.574
             giraffe    4.95e+03         232       0.698       0.888       0.878       0.603
            backpack    4.95e+03         371       0.273       0.213       0.153      0.0554
            umbrella    4.95e+03         413       0.378       0.613        0.53       0.274
             handbag    4.95e+03         540       0.295       0.152       0.124      0.0493
                 tie    4.95e+03         254       0.383       0.491       0.414       0.195
            suitcase    4.95e+03         303       0.299       0.502        0.44       0.243
             frisbee    4.95e+03         115       0.643       0.643       0.682       0.457
                skis    4.95e+03         241       0.349       0.448       0.362       0.142
           snowboard    4.95e+03          69       0.589       0.261       0.332       0.173
         sports ball    4.95e+03         263        0.54       0.529        0.51       0.306
                kite    4.95e+03         336       0.335       0.682       0.571       0.329
        baseball bat    4.95e+03         146       0.562       0.384       0.391       0.165
      baseball glove    4.95e+03         148       0.515       0.488       0.476       0.243
          skateboard    4.95e+03         179       0.567       0.715       0.692       0.392
           surfboard    4.95e+03         269       0.395       0.504       0.442       0.215
       tennis racket    4.95e+03         225       0.499       0.669       0.636       0.319
              bottle    4.95e+03    1.02e+03       0.346       0.536       0.447       0.252
          wine glass    4.95e+03         343       0.402       0.423       0.396       0.207
                 cup    4.95e+03         899       0.423       0.538       0.492       0.308
                fork    4.95e+03         215       0.415       0.363       0.285       0.133
               knife    4.95e+03         326       0.289       0.147       0.106      0.0472
               spoon    4.95e+03         253        0.33       0.107       0.109      0.0492
                bowl    4.95e+03         626       0.434        0.53       0.475       0.304
              banana    4.95e+03         379       0.227       0.485       0.324       0.147
               apple    4.95e+03         239        0.26       0.335       0.193       0.114
            sandwich    4.95e+03         177       0.405       0.537       0.491       0.319
              orange    4.95e+03         287       0.268       0.519       0.347       0.249
            broccoli    4.95e+03         316       0.246       0.592       0.391       0.165
              carrot    4.95e+03         371       0.167       0.485       0.276       0.143
             hot dog    4.95e+03         127        0.57       0.375        0.41       0.258
               pizza    4.95e+03         285       0.586       0.639       0.634       0.416
               donut    4.95e+03         338       0.298       0.666       0.498       0.332
                cake    4.95e+03         316         0.4       0.501       0.438       0.238
               chair    4.95e+03    1.79e+03       0.295       0.459       0.369       0.184
                sofa    4.95e+03         261        0.56       0.605       0.602       0.372
         pottedplant    4.95e+03         343       0.353       0.554       0.411       0.194
                 bed    4.95e+03         163       0.538       0.613       0.598       0.355
         diningtable    4.95e+03         697       0.377       0.422       0.329       0.176
              toilet    4.95e+03         179        0.61       0.782       0.766       0.563
           tvmonitor    4.95e+03         288       0.571       0.719       0.714       0.484
              laptop    4.95e+03         231       0.558       0.688        0.68        0.49
               mouse    4.95e+03         106       0.677       0.632       0.643       0.406
              remote    4.95e+03         283       0.313       0.286       0.209      0.0877
            keyboard    4.95e+03         153       0.435       0.608       0.608       0.371
          cell phone    4.95e+03         262        0.35       0.393       0.341       0.198
           microwave    4.95e+03          55       0.592       0.582       0.583       0.395
                oven    4.95e+03         143       0.395       0.552       0.507       0.277
             toaster    4.95e+03           9           0           0      0.0162      0.0104
                sink    4.95e+03         225       0.454       0.556       0.509       0.271
        refrigerator    4.95e+03         126       0.554        0.69       0.673       0.464
                book    4.95e+03    1.16e+03       0.172        0.38       0.184      0.0663
               clock    4.95e+03         267       0.603       0.689       0.693        0.42
                vase    4.95e+03         277       0.348       0.515       0.429       0.247
            scissors    4.95e+03          36       0.731       0.152       0.251       0.155
          teddy bear    4.95e+03         191       0.491       0.649        0.61       0.387
          hair drier    4.95e+03          11           0           0           0           0
          toothbrush    4.95e+03          57           0           0      0.0674      0.0305

COCO mAP with pycocotools
 Average Precision  (AP) @[ IoU=0.50:0.95 | area=   all | maxDets=100 ] = 0.258
 Average Precision  (AP) @[ IoU=0.50      | area=   all | maxDets=100 ] = 0.445
 Average Precision  (AP) @[ IoU=0.75      | area=   all | maxDets=100 ] = 0.256
 Average Precision  (AP) @[ IoU=0.50:0.95 | area= small | maxDets=100 ] = 0.111
 Average Precision  (AP) @[ IoU=0.50:0.95 | area=medium | maxDets=100 ] = 0.272
 Average Precision  (AP) @[ IoU=0.50:0.95 | area= large | maxDets=100 ] = 0.391
 Average Recall     (AR) @[ IoU=0.50:0.95 | area=   all | maxDets=  1 ] = 0.244
 Average Recall     (AR) @[ IoU=0.50:0.95 | area=   all | maxDets= 10 ] = 0.401
 Average Recall     (AR) @[ IoU=0.50:0.95 | area=   all | maxDets=100 ] = 0.445
 Average Recall     (AR) @[ IoU=0.50:0.95 | area= small | maxDets=100 ] = 0.225
 Average Recall     (AR) @[ IoU=0.50:0.95 | area=medium | maxDets=100 ] = 0.486
 Average Recall     (AR) @[ IoU=0.50:0.95 | area= large | maxDets=100 ] = 0.634
