               Class      Images     Targets           P           R      mAP@.5
                 all    4.95e+03    3.68e+04       0.427       0.398       0.381       0.244
              person    4.95e+03     1.1e+04       0.507       0.762       0.729       0.452
             bicycle    4.95e+03         316       0.471       0.361       0.351       0.178
                 car    4.95e+03    1.93e+03       0.411       0.601       0.547       0.313
           motorbike    4.95e+03         371        0.42       0.636       0.594        0.31
           aeroplane    4.95e+03         143       0.555       0.706       0.722       0.506
                 bus    4.95e+03         285       0.559       0.684       0.666       0.531
               train    4.95e+03         190       0.623       0.758       0.767       0.539
               truck    4.95e+03         415       0.379       0.455       0.371       0.234
                boat    4.95e+03         430       0.343        0.46       0.353        0.15
       traffic light    4.95e+03         637       0.416       0.476       0.407       0.179
        fire hydrant    4.95e+03         101       0.728       0.564       0.583       0.468
           stop sign    4.95e+03          75       0.604       0.507       0.498       0.452
       parking meter    4.95e+03          60           1      0.0167       0.262       0.192
               bench    4.95e+03         413       0.519        0.24       0.251       0.151
                bird    4.95e+03         440       0.417       0.312       0.304        0.18
                 cat    4.95e+03         202       0.508       0.752       0.657       0.458
                 dog    4.95e+03         218       0.462       0.427        0.38       0.288
               horse    4.95e+03         273       0.482       0.641       0.609       0.406
               sheep    4.95e+03         361        0.32       0.715       0.575       0.336
                 cow    4.95e+03         380       0.367       0.571       0.457       0.304
            elephant    4.95e+03         255        0.48       0.749       0.703       0.488
                bear    4.95e+03          71       0.497       0.606       0.568       0.457
               zebra    4.95e+03         268       0.505       0.851       0.832       0.567
             giraffe    4.95e+03         232       0.683       0.806       0.825       0.583
            backpack    4.95e+03         371       0.327       0.123       0.104      0.0477
            umbrella    4.95e+03         413       0.392       0.564       0.474       0.275
             handbag    4.95e+03         540         0.3      0.0759      0.0881      0.0345
                 tie    4.95e+03         254        0.42       0.402       0.379       0.194
            suitcase    4.95e+03         303       0.371         0.3        0.23        0.12
             frisbee    4.95e+03         115       0.629       0.409       0.493       0.342
                skis    4.95e+03         241       0.388       0.365       0.297        0.11
           snowboard    4.95e+03          69       0.657      0.0281      0.0997      0.0651
         sports ball    4.95e+03         263       0.603       0.418        0.42       0.285
                kite    4.95e+03         336       0.411       0.604       0.513       0.292
        baseball bat    4.95e+03         146       0.253      0.0753       0.105      0.0483
      baseball glove    4.95e+03         148       0.462       0.392       0.366       0.212
          skateboard    4.95e+03         179       0.592       0.575        0.57       0.349
           surfboard    4.95e+03         269       0.537       0.357       0.336       0.144
       tennis racket    4.95e+03         225       0.439       0.502       0.468       0.245
              bottle    4.95e+03    1.02e+03        0.38       0.488       0.405       0.238
          wine glass    4.95e+03         343       0.491       0.312        0.33       0.197
                 cup    4.95e+03         899       0.412       0.488        0.44       0.296
                fork    4.95e+03         215       0.425       0.181        0.19      0.0931
               knife    4.95e+03         326       0.275      0.0583      0.0648      0.0268
               spoon    4.95e+03         253       0.252      0.0187      0.0415      0.0164
                bowl    4.95e+03         626       0.474       0.433       0.406       0.277
              banana    4.95e+03         379       0.199       0.243       0.162      0.0739
               apple    4.95e+03         239       0.137      0.0711      0.0476      0.0315
            sandwich    4.95e+03         177       0.391       0.316       0.269        0.18
              orange    4.95e+03         287       0.309       0.247       0.215       0.165
            broccoli    4.95e+03         316       0.238       0.538       0.348       0.161
              carrot    4.95e+03         371       0.288       0.186       0.128      0.0603
             hot dog    4.95e+03         127           0           0       0.126      0.0822
               pizza    4.95e+03         285       0.564       0.491       0.509       0.348
               donut    4.95e+03         338       0.262       0.331       0.251       0.192
                cake    4.95e+03         316       0.456       0.146       0.215       0.129
               chair    4.95e+03    1.79e+03       0.334       0.427       0.347        0.19
                sofa    4.95e+03         261       0.512       0.483       0.485       0.316
         pottedplant    4.95e+03         343       0.445       0.411       0.337       0.168
                 bed    4.95e+03         163       0.423       0.521       0.504       0.322
         diningtable    4.95e+03         697       0.383       0.418       0.318       0.198
              toilet    4.95e+03         179       0.588       0.704       0.696       0.523
           tvmonitor    4.95e+03         288       0.535       0.618       0.607       0.433
              laptop    4.95e+03         231       0.513        0.58       0.591       0.437
               mouse    4.95e+03         106       0.885       0.146       0.408       0.297
              remote    4.95e+03         283       0.275      0.0389      0.0729      0.0311
            keyboard    4.95e+03         153        0.42       0.484       0.495       0.322
          cell phone    4.95e+03         262       0.599       0.195       0.254       0.156
           microwave    4.95e+03          55       0.598       0.309       0.354       0.258
                oven    4.95e+03         143       0.366       0.388        0.36       0.218
             toaster    4.95e+03           9           0           0      0.0043     0.00385
                sink    4.95e+03         225       0.481       0.453       0.429       0.245
        refrigerator    4.95e+03         126       0.442       0.521       0.513       0.367
                book    4.95e+03    1.16e+03       0.144       0.321        0.13      0.0449
               clock    4.95e+03         267       0.552       0.629       0.646       0.409
                vase    4.95e+03         277       0.488       0.303       0.326        0.21
            scissors    4.95e+03          36           0           0        0.03      0.0237
          teddy bear    4.95e+03         191        0.59       0.487       0.482       0.311
          hair drier    4.95e+03          11           0           0    7.83e-05    2.24e-05
          toothbrush    4.95e+03          57           0           0     0.00617     0.00378

COCO mAP with pycocotools
DONE (t=188.40s).
 Average Precision  (AP) @[ IoU=0.50:0.95 | area=   all | maxDets=100 ] = 0.210
 Average Precision  (AP) @[ IoU=0.50      | area=   all | maxDets=100 ] = 0.346
 Average Precision  (AP) @[ IoU=0.75      | area=   all | maxDets=100 ] = 0.214
 Average Precision  (AP) @[ IoU=0.50:0.95 | area= small | maxDets=100 ] = 0.091
 Average Precision  (AP) @[ IoU=0.50:0.95 | area=medium | maxDets=100 ] = 0.220
 Average Precision  (AP) @[ IoU=0.50:0.95 | area= large | maxDets=100 ] = 0.295
 Average Recall     (AR) @[ IoU=0.50:0.95 | area=   all | maxDets=  1 ] = 0.232
 Average Recall     (AR) @[ IoU=0.50:0.95 | area=   all | maxDets= 10 ] = 0.398
 Average Recall     (AR) @[ IoU=0.50:0.95 | area=   all | maxDets=100 ] = 0.435
 Average Recall     (AR) @[ IoU=0.50:0.95 | area= small | maxDets=100 ] = 0.214
 Average Recall     (AR) @[ IoU=0.50:0.95 | area=medium | maxDets=100 ] = 0.470
 Average Recall     (AR) @[ IoU=0.50:0.95 | area= large | maxDets=100 ] = 0.629
