               Class      Images     Targets           P           R      mAP@.5       mAP@.5:.95
                 all    4.95e+03    3.68e+04       0.267       0.485       0.375       0.234
              person    4.95e+03     1.1e+04       0.403        0.77       0.704       0.424
             bicycle    4.95e+03         316        0.25       0.434       0.346       0.165
                 car    4.95e+03    1.93e+03       0.297       0.636       0.522       0.293
           motorbike    4.95e+03         371       0.238       0.671       0.542       0.275
           aeroplane    4.95e+03         143       0.399       0.769       0.733       0.493
                 bus    4.95e+03         285       0.375       0.709       0.634       0.491
               train    4.95e+03         190       0.413       0.726       0.703       0.484
               truck    4.95e+03         415        0.24       0.578       0.352       0.209
                boat    4.95e+03         430       0.207       0.491       0.341       0.146
       traffic light    4.95e+03         637       0.276       0.509       0.377       0.175
        fire hydrant    4.95e+03         101       0.491       0.594       0.587       0.448
           stop sign    4.95e+03          75       0.329       0.547       0.539       0.478
       parking meter    4.95e+03          60       0.646       0.213       0.303       0.194
               bench    4.95e+03         413       0.278       0.269       0.223       0.127
                bird    4.95e+03         440       0.272        0.43       0.328       0.179
                 cat    4.95e+03         202       0.361       0.772       0.602       0.395
                 dog    4.95e+03         218       0.305       0.596       0.373       0.265
               horse    4.95e+03         273       0.284       0.696       0.545       0.353
               sheep    4.95e+03         361       0.218       0.751       0.543       0.332
                 cow    4.95e+03         380       0.252       0.689        0.51       0.318
            elephant    4.95e+03         255        0.31       0.804       0.678        0.47
                bear    4.95e+03          71        0.27       0.662       0.537       0.415
               zebra    4.95e+03         268       0.432       0.862       0.831       0.547
             giraffe    4.95e+03         232       0.518       0.819       0.795        0.55
            backpack    4.95e+03         371       0.159       0.208       0.098      0.0425
            umbrella    4.95e+03         413       0.306       0.564       0.455       0.246
             handbag    4.95e+03         540       0.151       0.149      0.0646      0.0259
                 tie    4.95e+03         254       0.211       0.449       0.338       0.174
            suitcase    4.95e+03         303       0.233       0.373       0.215       0.111
             frisbee    4.95e+03         115       0.348       0.713       0.603       0.414
                skis    4.95e+03         241       0.222       0.415       0.289       0.119
           snowboard    4.95e+03          69       0.209       0.203       0.154       0.082
         sports ball    4.95e+03         263       0.338       0.479       0.432        0.28
                kite    4.95e+03         336       0.305       0.667       0.518       0.299
        baseball bat    4.95e+03         146       0.174       0.267       0.155      0.0689
      baseball glove    4.95e+03         148       0.181        0.48       0.404       0.214
          skateboard    4.95e+03         179       0.377       0.626       0.562       0.317
           surfboard    4.95e+03         269       0.278       0.461       0.319       0.138
       tennis racket    4.95e+03         225       0.253       0.582       0.472       0.256
              bottle    4.95e+03    1.02e+03       0.269        0.53       0.392       0.228
          wine glass    4.95e+03         343       0.222       0.391       0.305       0.181
                 cup    4.95e+03         899       0.263       0.551       0.393       0.264
                fork    4.95e+03         215       0.205       0.307       0.163      0.0847
               knife    4.95e+03         326       0.196       0.181      0.0729      0.0335
               spoon    4.95e+03         253       0.139      0.0988       0.045      0.0183
                bowl    4.95e+03         626       0.268        0.53       0.385       0.261
              banana    4.95e+03         379       0.155       0.359       0.178      0.0884
               apple    4.95e+03         239       0.107       0.205      0.0566       0.035
            sandwich    4.95e+03         177       0.238       0.435       0.221       0.138
              orange    4.95e+03         287       0.187       0.463       0.223       0.169
            broccoli    4.95e+03         316       0.174       0.598       0.323       0.152
              carrot    4.95e+03         371       0.157       0.402       0.166      0.0839
             hot dog    4.95e+03         127       0.345       0.252       0.176      0.0879
               pizza    4.95e+03         285       0.336       0.642       0.532       0.355
               donut    4.95e+03         338       0.177       0.538       0.316       0.233
                cake    4.95e+03         316       0.264       0.389       0.238       0.142
               chair    4.95e+03    1.79e+03       0.215       0.473        0.31       0.162
                sofa    4.95e+03         261       0.351       0.517       0.414       0.271
         pottedplant    4.95e+03         343       0.274       0.472       0.336       0.152
                 bed    4.95e+03         163       0.343       0.552       0.408       0.248
         diningtable    4.95e+03         697       0.296       0.443       0.312       0.176
              toilet    4.95e+03         179       0.388       0.709       0.658       0.484
           tvmonitor    4.95e+03         288       0.384       0.628        0.57       0.402
              laptop    4.95e+03         231       0.273        0.61       0.522        0.39
               mouse    4.95e+03         106       0.299        0.67       0.532       0.385
              remote    4.95e+03         283       0.154       0.226       0.102      0.0436
            keyboard    4.95e+03         153       0.268       0.601       0.456       0.273
          cell phone    4.95e+03         262       0.207       0.389       0.271       0.176
           microwave    4.95e+03          55       0.311       0.582       0.426       0.303
                oven    4.95e+03         143       0.248       0.399         0.3       0.178
             toaster    4.95e+03           9           0           0           0           0
                sink    4.95e+03         225         0.3       0.511       0.399       0.235
        refrigerator    4.95e+03         126       0.356       0.524       0.497       0.358
                book    4.95e+03    1.16e+03       0.119        0.37       0.124      0.0435
               clock    4.95e+03         267       0.434       0.655       0.631       0.403
                vase    4.95e+03         277       0.263       0.419       0.303        0.18
            scissors    4.95e+03          36      0.0489     0.00408      0.0493      0.0331
          teddy bear    4.95e+03         191       0.352       0.511        0.46        0.28
          hair drier    4.95e+03          11           0           0           0           0
          toothbrush    4.95e+03          57           0           0      0.0143     0.00644

COCO mAP with pycocotools
 Average Precision  (AP) @[ IoU=0.50:0.95 | area=   all | maxDets=100 ] = 0.193
 Average Precision  (AP) @[ IoU=0.50      | area=   all | maxDets=100 ] = 0.325
 Average Precision  (AP) @[ IoU=0.75      | area=   all | maxDets=100 ] = 0.200
 Average Precision  (AP) @[ IoU=0.50:0.95 | area= small | maxDets=100 ] = 0.088
 Average Precision  (AP) @[ IoU=0.50:0.95 | area=medium | maxDets=100 ] = 0.209
 Average Precision  (AP) @[ IoU=0.50:0.95 | area= large | maxDets=100 ] = 0.269
 Average Recall     (AR) @[ IoU=0.50:0.95 | area=   all | maxDets=  1 ] = 0.216
 Average Recall     (AR) @[ IoU=0.50:0.95 | area=   all | maxDets= 10 ] = 0.384
 Average Recall     (AR) @[ IoU=0.50:0.95 | area=   all | maxDets=100 ] = 0.431
 Average Recall     (AR) @[ IoU=0.50:0.95 | area= small | maxDets=100 ] = 0.231
 Average Recall     (AR) @[ IoU=0.50:0.95 | area=medium | maxDets=100 ] = 0.467
 Average Recall     (AR) @[ IoU=0.50:0.95 | area= large | maxDets=100 ] = 0.594
