                Class      Images     Targets           P           R      mAP@.5      mAP@.5:.95
                 all    4.95e+03    3.68e+04       0.195       0.535       0.383       0.243
              person    4.95e+03     1.1e+04       0.258       0.806       0.693       0.421
             bicycle    4.95e+03         316       0.176       0.475       0.346       0.169
                 car    4.95e+03    1.93e+03       0.187       0.676       0.506       0.284
           motorbike    4.95e+03         371       0.168       0.725       0.552       0.295
           aeroplane    4.95e+03         143       0.268       0.825       0.743       0.524
                 bus    4.95e+03         285       0.265       0.744        0.64       0.501
               train    4.95e+03         190       0.302       0.779       0.728       0.526
               truck    4.95e+03         415       0.183       0.631       0.343       0.206
                boat    4.95e+03         430       0.136       0.542       0.331       0.145
       traffic light    4.95e+03         637       0.181       0.554       0.362       0.165
        fire hydrant    4.95e+03         101       0.415       0.634       0.616       0.465
           stop sign    4.95e+03          75       0.282         0.6       0.565       0.504
       parking meter    4.95e+03          60       0.617       0.242       0.283       0.179
               bench    4.95e+03         413       0.201        0.31       0.229       0.139
                bird    4.95e+03         440       0.188       0.452       0.318       0.179
                 cat    4.95e+03         202       0.265       0.851       0.661       0.449
                 dog    4.95e+03         218       0.231       0.697       0.415       0.309
               horse    4.95e+03         273       0.193       0.747        0.56       0.368
               sheep    4.95e+03         361       0.145       0.795        0.55       0.344
                 cow    4.95e+03         380       0.179       0.763       0.487       0.306
            elephant    4.95e+03         255       0.227       0.867       0.697       0.491
                bear    4.95e+03          71       0.241       0.704        0.63       0.503
               zebra    4.95e+03         268        0.28       0.907       0.834       0.561
             giraffe    4.95e+03         232       0.377       0.841       0.805       0.575
            backpack    4.95e+03         371       0.113        0.24      0.0987      0.0428
            umbrella    4.95e+03         413       0.192       0.622        0.46       0.258
             handbag    4.95e+03         540        0.11       0.185      0.0676      0.0252
                 tie    4.95e+03         254       0.143       0.488       0.334        0.18
            suitcase    4.95e+03         303       0.177       0.413       0.226       0.118
             frisbee    4.95e+03         115       0.256       0.748       0.596       0.403
                skis    4.95e+03         241       0.148       0.477       0.271       0.116
           snowboard    4.95e+03          69       0.162       0.232       0.133      0.0673
         sports ball    4.95e+03         263       0.231       0.506        0.42       0.271
                kite    4.95e+03         336       0.204       0.696       0.507       0.294
        baseball bat    4.95e+03         146       0.147       0.336        0.16      0.0693
      baseball glove    4.95e+03         148       0.112       0.541       0.403       0.205
          skateboard    4.95e+03         179       0.226       0.665       0.556       0.319
           surfboard    4.95e+03         269       0.187       0.535        0.34       0.145
       tennis racket    4.95e+03         225       0.167       0.618       0.458       0.238
              bottle    4.95e+03    1.02e+03       0.179       0.571       0.379       0.222
          wine glass    4.95e+03         343       0.144       0.458       0.307       0.181
                 cup    4.95e+03         899       0.186       0.592       0.388        0.26
                fork    4.95e+03         215       0.163       0.391        0.17      0.0946
               knife    4.95e+03         326       0.142       0.215      0.0755      0.0361
               spoon    4.95e+03         253      0.0979       0.126      0.0453      0.0198
                bowl    4.95e+03         626       0.193        0.61       0.393       0.268
              banana    4.95e+03         379       0.113       0.412       0.183      0.0888
               apple    4.95e+03         239       0.103       0.251      0.0581      0.0358
            sandwich    4.95e+03         177       0.196       0.508       0.236        0.15
              orange    4.95e+03         287       0.157       0.505       0.236       0.174
            broccoli    4.95e+03         316       0.113       0.655       0.337       0.156
              carrot    4.95e+03         371       0.116       0.488       0.171       0.089
             hot dog    4.95e+03         127       0.274       0.331       0.221       0.114
               pizza    4.95e+03         285       0.248       0.681       0.554        0.38
               donut    4.95e+03         338       0.128       0.601       0.336       0.251
                cake    4.95e+03         316       0.195       0.449       0.243       0.148
               chair    4.95e+03    1.79e+03       0.148       0.534       0.315       0.168
                sofa    4.95e+03         261       0.256       0.598       0.435       0.283
         pottedplant    4.95e+03         343        0.18       0.539       0.329       0.151
                 bed    4.95e+03         163       0.268       0.626       0.465       0.292
         diningtable    4.95e+03         697       0.216       0.505       0.322       0.193
              toilet    4.95e+03         179        0.28       0.754       0.677        0.51
           tvmonitor    4.95e+03         288        0.28       0.684       0.575       0.407
              laptop    4.95e+03         231       0.205       0.667       0.543       0.406
               mouse    4.95e+03         106       0.194       0.708       0.543       0.362
              remote    4.95e+03         283       0.109       0.269      0.0975      0.0426
            keyboard    4.95e+03         153       0.211       0.667       0.472       0.288
          cell phone    4.95e+03         262       0.147       0.431       0.283       0.182
           microwave    4.95e+03          55       0.184       0.636       0.463       0.323
                oven    4.95e+03         143       0.177       0.476         0.3       0.172
             toaster    4.95e+03           9           0           0           0           0
                sink    4.95e+03         225       0.191       0.591       0.412       0.233
        refrigerator    4.95e+03         126        0.25       0.603       0.513       0.375
                book    4.95e+03    1.16e+03      0.0865       0.416       0.118      0.0411
               clock    4.95e+03         267       0.303       0.685       0.626       0.391
                vase    4.95e+03         277       0.186       0.466       0.307       0.192
            scissors    4.95e+03          36       0.255      0.0286       0.109      0.0534
          teddy bear    4.95e+03         191       0.222       0.607       0.485       0.312
          hair drier    4.95e+03          11           0           0           0           0
          toothbrush    4.95e+03          57           0           0      0.0174     0.00845

COCO mAP with pycocotools
 Average Precision  (AP) @[ IoU=0.50:0.95 | area=   all | maxDets=100 ] = 0.204
 Average Precision  (AP) @[ IoU=0.50      | area=   all | maxDets=100 ] = 0.336
 Average Precision  (AP) @[ IoU=0.75      | area=   all | maxDets=100 ] = 0.212
 Average Precision  (AP) @[ IoU=0.50:0.95 | area= small | maxDets=100 ] = 0.088
 Average Precision  (AP) @[ IoU=0.50:0.95 | area=medium | maxDets=100 ] = 0.211
 Average Precision  (AP) @[ IoU=0.50:0.95 | area= large | maxDets=100 ] = 0.301
 Average Recall     (AR) @[ IoU=0.50:0.95 | area=   all | maxDets=  1 ] = 0.222
 Average Recall     (AR) @[ IoU=0.50:0.95 | area=   all | maxDets= 10 ] = 0.388
 Average Recall     (AR) @[ IoU=0.50:0.95 | area=   all | maxDets=100 ] = 0.438
 Average Recall     (AR) @[ IoU=0.50:0.95 | area= small | maxDets=100 ] = 0.224
 Average Recall     (AR) @[ IoU=0.50:0.95 | area=medium | maxDets=100 ] = 0.472
 Average Recall     (AR) @[ IoU=0.50:0.95 | area= large | maxDets=100 ] = 0.627
